<?xml version="1.0" encoding="UTF-8"?>
<!-- Generated by org.testng.reporters.JUnitReportReporter -->
<testsuite hostname="DESKTOP-LP9MF0U" failures="0" tests="2" name="com.crm.qa.testcases.HomePageTest" time="18.606" errors="0" timestamp="2022-09-17T18:27:37 IST" skipped="0">
  <testcase classname="com.crm.qa.testcases.HomePageTest" name="HomePageTitleTest" time="10.718"/>
  <system-out/>
  <testcase classname="com.crm.qa.testcases.HomePageTest" name="HomePageLogoTest" time="7.888"/>
  <system-out/>
</testsuite> <!-- com.crm.qa.testcases.HomePageTest -->
