<?xml version="1.0" encoding="UTF-8"?>
<!-- Generated by org.testng.reporters.JUnitReportReporter -->
<testsuite hostname="DESKTOP-LP9MF0U" failures="0" tests="1" name="testPackage.MavenTest1" time="25.423" errors="0" timestamp="2022-09-15T13:10:55 IST" skipped="0">
  <testcase classname="testPackage.MavenTest1" name="test" time="25.423"/>
  <system-out/>
</testsuite> <!-- testPackage.MavenTest1 -->
