<?xml version="1.0" encoding="UTF-8"?>
<!-- Generated by org.testng.reporters.JUnitReportReporter -->
<testsuite hostname="DESKTOP-LP9MF0U" failures="0" tests="1" name="com.crm.qa.testcases.MyCoursesPageTest" time="12.503" errors="0" timestamp="2022-09-17T18:27:37 IST" skipped="0">
  <testcase classname="com.crm.qa.testcases.MyCoursesPageTest" name="MycoursePageValidate" time="12.503"/>
  <system-out/>
</testsuite> <!-- com.crm.qa.testcases.MyCoursesPageTest -->
